C:\USERS\GABRIELA\DROPBOX\PROJETOS\ROBô RUBIK\ANTIGO\ALGORíTMO DE SOLUçãO (ANTIGO)\KOCIEMBA RUBIK SOLVER\DEBUG\KOCIEMBARUBIKSOLVER.EXE
C:\Users\gabriela\Dropbox\Projetos\Robô Rubik\ANTIGO\Algorítmo de Solução (ANTIGO)\Kociemba Rubik Solver\Debug\KociembaRubikSolver.exp
C:\USERS\GABRIELA\DROPBOX\PROJETOS\ROBô RUBIK\ANTIGO\ALGORíTMO DE SOLUçãO (ANTIGO)\KOCIEMBA RUBIK SOLVER\DEBUG\KOCIEMBARUBIKSOLVER.ILK
C:\Users\gabriela\Dropbox\Projetos\Robô Rubik\ANTIGO\Algorítmo de Solução (ANTIGO)\Kociemba Rubik Solver\Debug\KociembaRubikSolver.lib
C:\USERS\GABRIELA\DROPBOX\PROJETOS\ROBÔ RUBIK\ANTIGO\ALGORÍTMO DE SOLUÇÃO (ANTIGO)\KOCIEMBA RUBIK SOLVER\DEBUG\KOCIEMBARUBIKSOLVER.PDB
C:\Users\gabriela\Dropbox\Projetos\Robô Rubik\ANTIGO\Algorítmo de Solução (ANTIGO)\Kociemba Rubik Solver\KociembaRubikSolver\Debug\cl.command.1.tlog
C:\Users\gabriela\Dropbox\Projetos\Robô Rubik\ANTIGO\Algorítmo de Solução (ANTIGO)\Kociemba Rubik Solver\KociembaRubikSolver\Debug\CL.read.1.tlog
C:\Users\gabriela\Dropbox\Projetos\Robô Rubik\ANTIGO\Algorítmo de Solução (ANTIGO)\Kociemba Rubik Solver\KociembaRubikSolver\Debug\CL.write.1.tlog
C:\USERS\GABRIELA\DROPBOX\PROJETOS\ROBô RUBIK\ANTIGO\ALGORíTMO DE SOLUçãO (ANTIGO)\KOCIEMBA RUBIK SOLVER\KOCIEMBARUBIKSOLVER\DEBUG\COMBINAT.OBJ
C:\USERS\GABRIELA\DROPBOX\PROJETOS\ROBô RUBIK\ANTIGO\ALGORíTMO DE SOLUçãO (ANTIGO)\KOCIEMBA RUBIK SOLVER\KOCIEMBARUBIKSOLVER\DEBUG\CUBE.OBJ
C:\USERS\GABRIELA\DROPBOX\PROJETOS\ROBô RUBIK\ANTIGO\ALGORíTMO DE SOLUçãO (ANTIGO)\KOCIEMBA RUBIK SOLVER\KOCIEMBARUBIKSOLVER\DEBUG\CUBEPARS.OBJ
C:\USERS\GABRIELA\DROPBOX\PROJETOS\ROBô RUBIK\ANTIGO\ALGORíTMO DE SOLUçãO (ANTIGO)\KOCIEMBA RUBIK SOLVER\KOCIEMBARUBIKSOLVER\DEBUG\FACECUBE.OBJ
C:\USERS\GABRIELA\DROPBOX\PROJETOS\ROBô RUBIK\ANTIGO\ALGORíTMO DE SOLUçãO (ANTIGO)\KOCIEMBA RUBIK SOLVER\KOCIEMBARUBIKSOLVER\DEBUG\KCUBE.OBJ
C:\USERS\GABRIELA\DROPBOX\PROJETOS\ROBô RUBIK\ANTIGO\ALGORíTMO DE SOLUçãO (ANTIGO)\KOCIEMBA RUBIK SOLVER\KOCIEMBARUBIKSOLVER\DEBUG\KOCICUBE.OBJ
C:\USERS\GABRIELA\DROPBOX\PROJETOS\ROBô RUBIK\ANTIGO\ALGORíTMO DE SOLUçãO (ANTIGO)\KOCIEMBA RUBIK SOLVER\KOCIEMBARUBIKSOLVER\DEBUG\KOCIEMBARUBIKSOLVER.DLL.EMBED.MANIFEST
C:\Users\gabriela\Dropbox\Projetos\Robô Rubik\ANTIGO\Algorítmo de Solução (ANTIGO)\Kociemba Rubik Solver\KociembaRubikSolver\Debug\KociembaRubikSolver.dll.embed.manifest.res
C:\Users\gabriela\Dropbox\Projetos\Robô Rubik\ANTIGO\Algorítmo de Solução (ANTIGO)\Kociemba Rubik Solver\KociembaRubikSolver\Debug\KociembaRubikSolver.dll.intermediate.manifest
C:\USERS\GABRIELA\DROPBOX\PROJETOS\ROBô RUBIK\ANTIGO\ALGORíTMO DE SOLUçãO (ANTIGO)\KOCIEMBA RUBIK SOLVER\KOCIEMBARUBIKSOLVER\DEBUG\KOCIEMBARUBIKSOLVER.EXE.EMBED.MANIFEST
C:\USERS\GABRIELA\DROPBOX\PROJETOS\ROBô RUBIK\ANTIGO\ALGORíTMO DE SOLUçãO (ANTIGO)\KOCIEMBA RUBIK SOLVER\KOCIEMBARUBIKSOLVER\DEBUG\KOCIEMBARUBIKSOLVER.EXE.EMBED.MANIFEST.RES
C:\USERS\GABRIELA\DROPBOX\PROJETOS\ROBô RUBIK\ANTIGO\ALGORíTMO DE SOLUçãO (ANTIGO)\KOCIEMBA RUBIK SOLVER\KOCIEMBARUBIKSOLVER\DEBUG\KOCIEMBARUBIKSOLVER.EXE.INTERMEDIATE.MANIFEST
C:\USERS\GABRIELA\DROPBOX\PROJETOS\ROBô RUBIK\ANTIGO\ALGORíTMO DE SOLUçãO (ANTIGO)\KOCIEMBA RUBIK SOLVER\KOCIEMBARUBIKSOLVER\DEBUG\KOCIEMBARUBIKSOLVER.PCH
C:\Users\gabriela\Dropbox\Projetos\Robô Rubik\ANTIGO\Algorítmo de Solução (ANTIGO)\Kociemba Rubik Solver\KociembaRubikSolver\Debug\KociembaRubikSolver.vcxprojResolveAssemblyReference.cache
C:\Users\gabriela\Dropbox\Projetos\Robô Rubik\ANTIGO\Algorítmo de Solução (ANTIGO)\Kociemba Rubik Solver\KociembaRubikSolver\Debug\KociembaRubikSolver.write.1.tlog
C:\Users\gabriela\Dropbox\Projetos\Robô Rubik\ANTIGO\Algorítmo de Solução (ANTIGO)\Kociemba Rubik Solver\KociembaRubikSolver\Debug\KociembaRubikSolver_manifest.rc
C:\Users\gabriela\Dropbox\Projetos\Robô Rubik\ANTIGO\Algorítmo de Solução (ANTIGO)\Kociemba Rubik Solver\KociembaRubikSolver\Debug\link.2192.read.1.tlog
C:\Users\gabriela\Dropbox\Projetos\Robô Rubik\ANTIGO\Algorítmo de Solução (ANTIGO)\Kociemba Rubik Solver\KociembaRubikSolver\Debug\link.2192.write.1.tlog
C:\Users\gabriela\Dropbox\Projetos\Robô Rubik\ANTIGO\Algorítmo de Solução (ANTIGO)\Kociemba Rubik Solver\KociembaRubikSolver\Debug\link.2192-cvtres.read.1.tlog
C:\Users\gabriela\Dropbox\Projetos\Robô Rubik\ANTIGO\Algorítmo de Solução (ANTIGO)\Kociemba Rubik Solver\KociembaRubikSolver\Debug\link.2192-cvtres.write.1.tlog
C:\Users\gabriela\Dropbox\Projetos\Robô Rubik\ANTIGO\Algorítmo de Solução (ANTIGO)\Kociemba Rubik Solver\KociembaRubikSolver\Debug\link.2256.read.1.tlog
C:\Users\gabriela\Dropbox\Projetos\Robô Rubik\ANTIGO\Algorítmo de Solução (ANTIGO)\Kociemba Rubik Solver\KociembaRubikSolver\Debug\link.2256.write.1.tlog
C:\Users\gabriela\Dropbox\Projetos\Robô Rubik\ANTIGO\Algorítmo de Solução (ANTIGO)\Kociemba Rubik Solver\KociembaRubikSolver\Debug\link.2256-cvtres.read.1.tlog
C:\Users\gabriela\Dropbox\Projetos\Robô Rubik\ANTIGO\Algorítmo de Solução (ANTIGO)\Kociemba Rubik Solver\KociembaRubikSolver\Debug\link.2256-cvtres.write.1.tlog
C:\Users\gabriela\Dropbox\Projetos\Robô Rubik\ANTIGO\Algorítmo de Solução (ANTIGO)\Kociemba Rubik Solver\KociembaRubikSolver\Debug\link.3168.read.1.tlog
C:\Users\gabriela\Dropbox\Projetos\Robô Rubik\ANTIGO\Algorítmo de Solução (ANTIGO)\Kociemba Rubik Solver\KociembaRubikSolver\Debug\link.3168.write.1.tlog
C:\Users\gabriela\Dropbox\Projetos\Robô Rubik\ANTIGO\Algorítmo de Solução (ANTIGO)\Kociemba Rubik Solver\KociembaRubikSolver\Debug\link.3168-cvtres.read.1.tlog
C:\Users\gabriela\Dropbox\Projetos\Robô Rubik\ANTIGO\Algorítmo de Solução (ANTIGO)\Kociemba Rubik Solver\KociembaRubikSolver\Debug\link.3168-cvtres.write.1.tlog
C:\Users\gabriela\Dropbox\Projetos\Robô Rubik\ANTIGO\Algorítmo de Solução (ANTIGO)\Kociemba Rubik Solver\KociembaRubikSolver\Debug\link.3980.read.1.tlog
C:\Users\gabriela\Dropbox\Projetos\Robô Rubik\ANTIGO\Algorítmo de Solução (ANTIGO)\Kociemba Rubik Solver\KociembaRubikSolver\Debug\link.3980.write.1.tlog
C:\Users\gabriela\Dropbox\Projetos\Robô Rubik\ANTIGO\Algorítmo de Solução (ANTIGO)\Kociemba Rubik Solver\KociembaRubikSolver\Debug\link.3980-cvtres.read.1.tlog
C:\Users\gabriela\Dropbox\Projetos\Robô Rubik\ANTIGO\Algorítmo de Solução (ANTIGO)\Kociemba Rubik Solver\KociembaRubikSolver\Debug\link.3980-cvtres.write.1.tlog
C:\Users\gabriela\Dropbox\Projetos\Robô Rubik\ANTIGO\Algorítmo de Solução (ANTIGO)\Kociemba Rubik Solver\KociembaRubikSolver\Debug\link.4880.read.1.tlog
C:\Users\gabriela\Dropbox\Projetos\Robô Rubik\ANTIGO\Algorítmo de Solução (ANTIGO)\Kociemba Rubik Solver\KociembaRubikSolver\Debug\link.4880.write.1.tlog
C:\Users\gabriela\Dropbox\Projetos\Robô Rubik\ANTIGO\Algorítmo de Solução (ANTIGO)\Kociemba Rubik Solver\KociembaRubikSolver\Debug\link.4880-cvtres.read.1.tlog
C:\Users\gabriela\Dropbox\Projetos\Robô Rubik\ANTIGO\Algorítmo de Solução (ANTIGO)\Kociemba Rubik Solver\KociembaRubikSolver\Debug\link.4880-cvtres.write.1.tlog
C:\Users\gabriela\Dropbox\Projetos\Robô Rubik\ANTIGO\Algorítmo de Solução (ANTIGO)\Kociemba Rubik Solver\KociembaRubikSolver\Debug\link.6572.read.1.tlog
C:\Users\gabriela\Dropbox\Projetos\Robô Rubik\ANTIGO\Algorítmo de Solução (ANTIGO)\Kociemba Rubik Solver\KociembaRubikSolver\Debug\link.6572.write.1.tlog
C:\Users\gabriela\Dropbox\Projetos\Robô Rubik\ANTIGO\Algorítmo de Solução (ANTIGO)\Kociemba Rubik Solver\KociembaRubikSolver\Debug\link.6572-cvtres.read.1.tlog
C:\Users\gabriela\Dropbox\Projetos\Robô Rubik\ANTIGO\Algorítmo de Solução (ANTIGO)\Kociemba Rubik Solver\KociembaRubikSolver\Debug\link.6572-cvtres.write.1.tlog
C:\Users\gabriela\Dropbox\Projetos\Robô Rubik\ANTIGO\Algorítmo de Solução (ANTIGO)\Kociemba Rubik Solver\KociembaRubikSolver\Debug\link.6960.read.1.tlog
C:\Users\gabriela\Dropbox\Projetos\Robô Rubik\ANTIGO\Algorítmo de Solução (ANTIGO)\Kociemba Rubik Solver\KociembaRubikSolver\Debug\link.6960.write.1.tlog
C:\Users\gabriela\Dropbox\Projetos\Robô Rubik\ANTIGO\Algorítmo de Solução (ANTIGO)\Kociemba Rubik Solver\KociembaRubikSolver\Debug\link.6960-cvtres.read.1.tlog
C:\Users\gabriela\Dropbox\Projetos\Robô Rubik\ANTIGO\Algorítmo de Solução (ANTIGO)\Kociemba Rubik Solver\KociembaRubikSolver\Debug\link.6960-cvtres.write.1.tlog
C:\Users\gabriela\Dropbox\Projetos\Robô Rubik\ANTIGO\Algorítmo de Solução (ANTIGO)\Kociemba Rubik Solver\KociembaRubikSolver\Debug\link.command.1.tlog
C:\Users\gabriela\Dropbox\Projetos\Robô Rubik\ANTIGO\Algorítmo de Solução (ANTIGO)\Kociemba Rubik Solver\KociembaRubikSolver\Debug\link.read.1.tlog
C:\Users\gabriela\Dropbox\Projetos\Robô Rubik\ANTIGO\Algorítmo de Solução (ANTIGO)\Kociemba Rubik Solver\KociembaRubikSolver\Debug\link.write.1.tlog
C:\Users\gabriela\Dropbox\Projetos\Robô Rubik\ANTIGO\Algorítmo de Solução (ANTIGO)\Kociemba Rubik Solver\KociembaRubikSolver\Debug\link-cvtres.read.1.tlog
C:\Users\gabriela\Dropbox\Projetos\Robô Rubik\ANTIGO\Algorítmo de Solução (ANTIGO)\Kociemba Rubik Solver\KociembaRubikSolver\Debug\link-cvtres.write.1.tlog
C:\USERS\GABRIELA\DROPBOX\PROJETOS\ROBô RUBIK\ANTIGO\ALGORíTMO DE SOLUçãO (ANTIGO)\KOCIEMBA RUBIK SOLVER\KOCIEMBARUBIKSOLVER\DEBUG\MOVETABL.OBJ
C:\Users\gabriela\Dropbox\Projetos\Robô Rubik\ANTIGO\Algorítmo de Solução (ANTIGO)\Kociemba Rubik Solver\KociembaRubikSolver\Debug\mt.command.1.tlog
C:\Users\gabriela\Dropbox\Projetos\Robô Rubik\ANTIGO\Algorítmo de Solução (ANTIGO)\Kociemba Rubik Solver\KociembaRubikSolver\Debug\mt.read.1.tlog
C:\Users\gabriela\Dropbox\Projetos\Robô Rubik\ANTIGO\Algorítmo de Solução (ANTIGO)\Kociemba Rubik Solver\KociembaRubikSolver\Debug\mt.write.1.tlog
C:\USERS\GABRIELA\DROPBOX\PROJETOS\ROBô RUBIK\ANTIGO\ALGORíTMO DE SOLUçãO (ANTIGO)\KOCIEMBA RUBIK SOLVER\KOCIEMBARUBIKSOLVER\DEBUG\PRUNINGT.OBJ
C:\Users\gabriela\Dropbox\Projetos\Robô Rubik\ANTIGO\Algorítmo de Solução (ANTIGO)\Kociemba Rubik Solver\KociembaRubikSolver\Debug\rc.command.1.tlog
C:\Users\gabriela\Dropbox\Projetos\Robô Rubik\ANTIGO\Algorítmo de Solução (ANTIGO)\Kociemba Rubik Solver\KociembaRubikSolver\Debug\rc.read.1.tlog
C:\Users\gabriela\Dropbox\Projetos\Robô Rubik\ANTIGO\Algorítmo de Solução (ANTIGO)\Kociemba Rubik Solver\KociembaRubikSolver\Debug\rc.write.1.tlog
C:\USERS\GABRIELA\DROPBOX\PROJETOS\ROBô RUBIK\ANTIGO\ALGORíTMO DE SOLUçãO (ANTIGO)\KOCIEMBA RUBIK SOLVER\KOCIEMBARUBIKSOLVER\DEBUG\SOLVER.OBJ
C:\USERS\GABRIELA\DROPBOX\PROJETOS\ROBô RUBIK\ANTIGO\ALGORíTMO DE SOLUçãO (ANTIGO)\KOCIEMBA RUBIK SOLVER\KOCIEMBARUBIKSOLVER\DEBUG\STDAFX.OBJ
C:\Users\gabriela\Dropbox\Projetos\Robô Rubik\ANTIGO\Algorítmo de Solução (ANTIGO)\Kociemba Rubik Solver\KociembaRubikSolver\Debug\vc100.idb
C:\USERS\GABRIELA\DROPBOX\PROJETOS\ROBÔ RUBIK\ANTIGO\ALGORÍTMO DE SOLUÇÃO (ANTIGO)\KOCIEMBA RUBIK SOLVER\KOCIEMBARUBIKSOLVER\DEBUG\VC100.PDB
C:\USERS\GABRIELA\DROPBOX\PROJETOS\ROBô RUBIK\ANTIGO\ALGORíTMO DE SOLUçãO (ANTIGO)\KOCIEMBA RUBIK SOLVER\KOCIEMBARUBIKSOLVER\DEBUG\VECTOR.OBJ
D:\DROPBOX\ROBô CUBO MáGICO\ANTIGO\ALGORíTMO DE SOLUçãO (ANTIGO)\KOCIEMBA RUBIK SOLVER\DEBUG\KOCIEMBARUBIKSOLVER.EXE
D:\Dropbox\Robô Cubo Mágico\ANTIGO\Algorítmo de Solução (ANTIGO)\Kociemba Rubik Solver\Debug\KociembaRubikSolver.exp
D:\DROPBOX\ROBô CUBO MáGICO\ANTIGO\ALGORíTMO DE SOLUçãO (ANTIGO)\KOCIEMBA RUBIK SOLVER\DEBUG\KOCIEMBARUBIKSOLVER.ILK
D:\Dropbox\Robô Cubo Mágico\ANTIGO\Algorítmo de Solução (ANTIGO)\Kociemba Rubik Solver\Debug\KociembaRubikSolver.lib
D:\DROPBOX\ROBÔ CUBO MÁGICO\ANTIGO\ALGORÍTMO DE SOLUÇÃO (ANTIGO)\KOCIEMBA RUBIK SOLVER\DEBUG\KOCIEMBARUBIKSOLVER.PDB
D:\DROPBOX\ROBô CUBO MáGICO\ANTIGO\ALGORíTMO DE SOLUçãO (ANTIGO)\KOCIEMBA RUBIK SOLVER\KOCIEMBARUBIKSOLVER\DEBUG\COMBINAT.OBJ
D:\DROPBOX\ROBô CUBO MáGICO\ANTIGO\ALGORíTMO DE SOLUçãO (ANTIGO)\KOCIEMBA RUBIK SOLVER\KOCIEMBARUBIKSOLVER\DEBUG\CUBE.OBJ
D:\DROPBOX\ROBô CUBO MáGICO\ANTIGO\ALGORíTMO DE SOLUçãO (ANTIGO)\KOCIEMBA RUBIK SOLVER\KOCIEMBARUBIKSOLVER\DEBUG\CUBEPARS.OBJ
D:\DROPBOX\ROBô CUBO MáGICO\ANTIGO\ALGORíTMO DE SOLUçãO (ANTIGO)\KOCIEMBA RUBIK SOLVER\KOCIEMBARUBIKSOLVER\DEBUG\FACECUBE.OBJ
D:\DROPBOX\ROBô CUBO MáGICO\ANTIGO\ALGORíTMO DE SOLUçãO (ANTIGO)\KOCIEMBA RUBIK SOLVER\KOCIEMBARUBIKSOLVER\DEBUG\KCUBE.OBJ
D:\DROPBOX\ROBô CUBO MáGICO\ANTIGO\ALGORíTMO DE SOLUçãO (ANTIGO)\KOCIEMBA RUBIK SOLVER\KOCIEMBARUBIKSOLVER\DEBUG\KOCICUBE.OBJ
D:\DROPBOX\ROBô CUBO MáGICO\ANTIGO\ALGORíTMO DE SOLUçãO (ANTIGO)\KOCIEMBA RUBIK SOLVER\KOCIEMBARUBIKSOLVER\DEBUG\KOCIEMBARUBIKSOLVER.EXE.EMBED.MANIFEST
D:\DROPBOX\ROBô CUBO MáGICO\ANTIGO\ALGORíTMO DE SOLUçãO (ANTIGO)\KOCIEMBA RUBIK SOLVER\KOCIEMBARUBIKSOLVER\DEBUG\KOCIEMBARUBIKSOLVER.EXE.EMBED.MANIFEST.RES
D:\DROPBOX\ROBô CUBO MáGICO\ANTIGO\ALGORíTMO DE SOLUçãO (ANTIGO)\KOCIEMBA RUBIK SOLVER\KOCIEMBARUBIKSOLVER\DEBUG\KOCIEMBARUBIKSOLVER.EXE.INTERMEDIATE.MANIFEST
D:\DROPBOX\ROBô CUBO MáGICO\ANTIGO\ALGORíTMO DE SOLUçãO (ANTIGO)\KOCIEMBA RUBIK SOLVER\KOCIEMBARUBIKSOLVER\DEBUG\KOCIEMBARUBIKSOLVER.PCH
D:\DROPBOX\ROBô CUBO MáGICO\ANTIGO\ALGORíTMO DE SOLUçãO (ANTIGO)\KOCIEMBA RUBIK SOLVER\KOCIEMBARUBIKSOLVER\DEBUG\MOVETABL.OBJ
D:\DROPBOX\ROBô CUBO MáGICO\ANTIGO\ALGORíTMO DE SOLUçãO (ANTIGO)\KOCIEMBA RUBIK SOLVER\KOCIEMBARUBIKSOLVER\DEBUG\PRUNINGT.OBJ
D:\DROPBOX\ROBô CUBO MáGICO\ANTIGO\ALGORíTMO DE SOLUçãO (ANTIGO)\KOCIEMBA RUBIK SOLVER\KOCIEMBARUBIKSOLVER\DEBUG\SOLVER.OBJ
D:\DROPBOX\ROBô CUBO MáGICO\ANTIGO\ALGORíTMO DE SOLUçãO (ANTIGO)\KOCIEMBA RUBIK SOLVER\KOCIEMBARUBIKSOLVER\DEBUG\STDAFX.OBJ
D:\DROPBOX\ROBÔ CUBO MÁGICO\ANTIGO\ALGORÍTMO DE SOLUÇÃO (ANTIGO)\KOCIEMBA RUBIK SOLVER\KOCIEMBARUBIKSOLVER\DEBUG\VC100.PDB
D:\DROPBOX\ROBô CUBO MáGICO\ANTIGO\ALGORíTMO DE SOLUçãO (ANTIGO)\KOCIEMBA RUBIK SOLVER\KOCIEMBARUBIKSOLVER\DEBUG\VECTOR.OBJ
D:\FONTES\C\KOCIEMBARUBIKSOLVER\DEBUG\KOCIEMBARUBIKSOLVER.DLL
D:\Fontes\C\KociembaRubikSolver\Debug\KociembaRubikSolver.exp
D:\FONTES\C\KOCIEMBARUBIKSOLVER\DEBUG\KOCIEMBARUBIKSOLVER.ILK
D:\Fontes\C\KociembaRubikSolver\Debug\KociembaRubikSolver.lib
D:\FONTES\C\KOCIEMBARUBIKSOLVER\DEBUG\KOCIEMBARUBIKSOLVER.PDB
D:\FONTES\C\KOCIEMBARUBIKSOLVER\KOCIEMBARUBIKSOLVER\DEBUG\COMBINAT.OBJ
D:\FONTES\C\KOCIEMBARUBIKSOLVER\KOCIEMBARUBIKSOLVER\DEBUG\CUBE.OBJ
D:\FONTES\C\KOCIEMBARUBIKSOLVER\KOCIEMBARUBIKSOLVER\DEBUG\CUBEPARS.OBJ
D:\FONTES\C\KOCIEMBARUBIKSOLVER\KOCIEMBARUBIKSOLVER\DEBUG\FACECUBE.OBJ
D:\FONTES\C\KOCIEMBARUBIKSOLVER\KOCIEMBARUBIKSOLVER\DEBUG\KCUBE.OBJ
D:\FONTES\C\KOCIEMBARUBIKSOLVER\KOCIEMBARUBIKSOLVER\DEBUG\KOCICUBE.OBJ
D:\FONTES\C\KOCIEMBARUBIKSOLVER\KOCIEMBARUBIKSOLVER\DEBUG\KOCIEMBARUBIKSOLVER.DLL.EMBED.MANIFEST
D:\FONTES\C\KOCIEMBARUBIKSOLVER\KOCIEMBARUBIKSOLVER\DEBUG\KOCIEMBARUBIKSOLVER.DLL.EMBED.MANIFEST.RES
D:\FONTES\C\KOCIEMBARUBIKSOLVER\KOCIEMBARUBIKSOLVER\DEBUG\KOCIEMBARUBIKSOLVER.DLL.INTERMEDIATE.MANIFEST
D:\FONTES\C\KOCIEMBARUBIKSOLVER\KOCIEMBARUBIKSOLVER\DEBUG\KOCIEMBARUBIKSOLVER.EXE.EMBED.MANIFEST
D:\FONTES\C\KOCIEMBARUBIKSOLVER\KOCIEMBARUBIKSOLVER\DEBUG\KOCIEMBARUBIKSOLVER.PCH
D:\FONTES\C\KOCIEMBARUBIKSOLVER\KOCIEMBARUBIKSOLVER\DEBUG\MOVETABL.OBJ
D:\FONTES\C\KOCIEMBARUBIKSOLVER\KOCIEMBARUBIKSOLVER\DEBUG\PRUNINGT.OBJ
D:\FONTES\C\KOCIEMBARUBIKSOLVER\KOCIEMBARUBIKSOLVER\DEBUG\SOLVER.OBJ
D:\FONTES\C\KOCIEMBARUBIKSOLVER\KOCIEMBARUBIKSOLVER\DEBUG\STDAFX.OBJ
D:\FONTES\C\KOCIEMBARUBIKSOLVER\KOCIEMBARUBIKSOLVER\DEBUG\VC100.PDB
D:\FONTES\C\KOCIEMBARUBIKSOLVER\KOCIEMBARUBIKSOLVER\DEBUG\VECTOR.OBJ
