Build started 19/03/2014 21:14:52.
     1>Project "C:\Users\gabriela\Dropbox\Projetos\Robô Rubik\ANTIGO\Algorítmo de Solução (ANTIGO)\Kociemba Rubik Solver\KociembaRubikSolver\KociembaRubikSolver.vcxproj" on node 2 (build target(s)).
     1>InitializeBuildStatus:
         Creating "Debug\KociembaRubikSolver.unsuccessfulbuild" because "AlwaysCreate" was specified.
       ClCompile:
         All outputs are up-to-date.
         C:\Program Files (x86)\Microsoft Visual Studio 10.0\VC\bin\CL.exe /c /ZI /nologo /W3 /WX- /Od /Oy- /D WIN32 /D _DEBUG /D _CONSOLE /D _UNICODE /D UNICODE /Gm /EHsc /RTC1 /MDd /GS /fp:precise /Zc:wchar_t /Zc:forScope /Yu"StdAfx.h" /Fp"Debug\KociembaRubikSolver.pch" /Fo"Debug\\" /Fd"Debug\vc100.pdb" /Gd /TP /analyze- /errorReport:prompt SOLVER.CPP
         SOLVER.CPP
     1>c:\users\gabriela\dropbox\projetos\robô rubik\antigo\algorítmo de solução (antigo)\kociemba rubik solver\kociembarubiksolver\movetabl.h(65): warning C4482: nonstandard extension used: enum 'Cube::Move' used in qualified name
     1>c:\users\gabriela\dropbox\projetos\robô rubik\antigo\algorítmo de solução (antigo)\kociemba rubik solver\kociembarubiksolver\solver.cpp(279): warning C4018: '<' : signed/unsigned mismatch
     1>c:\users\gabriela\dropbox\projetos\robô rubik\antigo\algorítmo de solução (antigo)\kociemba rubik solver\kociembarubiksolver\solver.cpp(299): warning C4309: 'argument' : truncation of constant value
     1>c:\users\gabriela\dropbox\projetos\robô rubik\antigo\algorítmo de solução (antigo)\kociemba rubik solver\kociembarubiksolver\solver.cpp(446): warning C4482: nonstandard extension used: enum 'Cube::Move' used in qualified name
     1>c:\users\gabriela\dropbox\projetos\robô rubik\antigo\algorítmo de solução (antigo)\kociemba rubik solver\kociembarubiksolver\solver.cpp(446): warning C4482: nonstandard extension used: enum 'Cube::Move' used in qualified name
     1>c:\users\gabriela\dropbox\projetos\robô rubik\antigo\algorítmo de solução (antigo)\kociemba rubik solver\kociembarubiksolver\solver.cpp(549): warning C4482: nonstandard extension used: enum 'Cube::Move' used in qualified name
     1>c:\users\gabriela\dropbox\projetos\robô rubik\antigo\algorítmo de solução (antigo)\kociemba rubik solver\kociembarubiksolver\solver.cpp(549): warning C4482: nonstandard extension used: enum 'Cube::Move' used in qualified name
     1>c:\users\gabriela\dropbox\projetos\robô rubik\antigo\algorítmo de solução (antigo)\kociemba rubik solver\kociembarubiksolver\solver.cpp(559): warning C4482: nonstandard extension used: enum 'Cube::Move' used in qualified name
     1>c:\users\gabriela\dropbox\projetos\robô rubik\antigo\algorítmo de solução (antigo)\kociemba rubik solver\kociembarubiksolver\solver.cpp(559): warning C4482: nonstandard extension used: enum 'Cube::Move' used in qualified name
     1>c:\users\gabriela\dropbox\projetos\robô rubik\antigo\algorítmo de solução (antigo)\kociemba rubik solver\kociembarubiksolver\solver.cpp(627): warning C4482: nonstandard extension used: enum 'Cube::Move' used in qualified name
     1>c:\users\gabriela\dropbox\projetos\robô rubik\antigo\algorítmo de solução (antigo)\kociemba rubik solver\kociembarubiksolver\solver.cpp(627): warning C4482: nonstandard extension used: enum 'Cube::Move' used in qualified name
     1>c:\users\gabriela\dropbox\projetos\robô rubik\antigo\algorítmo de solução (antigo)\kociemba rubik solver\kociembarubiksolver\solver.cpp(629): warning C4482: nonstandard extension used: enum 'Cube::Move' used in qualified name
     1>c:\users\gabriela\dropbox\projetos\robô rubik\antigo\algorítmo de solução (antigo)\kociemba rubik solver\kociembarubiksolver\solver.cpp(629): warning C4482: nonstandard extension used: enum 'Cube::Move' used in qualified name
     1>c:\users\gabriela\dropbox\projetos\robô rubik\antigo\algorítmo de solução (antigo)\kociemba rubik solver\kociembarubiksolver\solver.cpp(631): warning C4482: nonstandard extension used: enum 'Cube::Move' used in qualified name
     1>c:\users\gabriela\dropbox\projetos\robô rubik\antigo\algorítmo de solução (antigo)\kociemba rubik solver\kociembarubiksolver\solver.cpp(631): warning C4482: nonstandard extension used: enum 'Cube::Move' used in qualified name
     1>c:\users\gabriela\dropbox\projetos\robô rubik\antigo\algorítmo de solução (antigo)\kociemba rubik solver\kociembarubiksolver\solver.cpp(654): warning C4996: 'sprintf': This function or variable may be unsafe. Consider using sprintf_s instead. To disable deprecation, use _CRT_SECURE_NO_WARNINGS. See online help for details.
                 c:\program files (x86)\microsoft visual studio 10.0\vc\include\stdio.h(371) : see declaration of 'sprintf'
     1>c:\users\gabriela\dropbox\projetos\robô rubik\antigo\algorítmo de solução (antigo)\kociemba rubik solver\kociembarubiksolver\solver.cpp(656): warning C4996: 'sprintf': This function or variable may be unsafe. Consider using sprintf_s instead. To disable deprecation, use _CRT_SECURE_NO_WARNINGS. See online help for details.
                 c:\program files (x86)\microsoft visual studio 10.0\vc\include\stdio.h(371) : see declaration of 'sprintf'
     1>c:\users\gabriela\dropbox\projetos\robô rubik\antigo\algorítmo de solução (antigo)\kociemba rubik solver\kociembarubiksolver\solver.cpp(664): warning C4996: 'sprintf': This function or variable may be unsafe. Consider using sprintf_s instead. To disable deprecation, use _CRT_SECURE_NO_WARNINGS. See online help for details.
                 c:\program files (x86)\microsoft visual studio 10.0\vc\include\stdio.h(371) : see declaration of 'sprintf'
     1>c:\users\gabriela\dropbox\projetos\robô rubik\antigo\algorítmo de solução (antigo)\kociemba rubik solver\kociembarubiksolver\solver.cpp(666): warning C4996: 'sprintf': This function or variable may be unsafe. Consider using sprintf_s instead. To disable deprecation, use _CRT_SECURE_NO_WARNINGS. See online help for details.
                 c:\program files (x86)\microsoft visual studio 10.0\vc\include\stdio.h(371) : see declaration of 'sprintf'
     1>c:\users\gabriela\dropbox\projetos\robô rubik\antigo\algorítmo de solução (antigo)\kociemba rubik solver\kociembarubiksolver\solver.cpp(676): warning C4482: nonstandard extension used: enum 'Cube::Move' used in qualified name
     1>c:\users\gabriela\dropbox\projetos\robô rubik\antigo\algorítmo de solução (antigo)\kociemba rubik solver\kociembarubiksolver\solver.cpp(676): warning C4482: nonstandard extension used: enum 'Cube::Move' used in qualified name
       ManifestResourceCompile:
         All outputs are up-to-date.
       Link:
         C:\Program Files (x86)\Microsoft Visual Studio 10.0\VC\bin\link.exe /ERRORREPORT:PROMPT /OUT:"C:\Users\gabriela\Dropbox\Projetos\Robô Rubik\ANTIGO\Algorítmo de Solução (ANTIGO)\Kociemba Rubik Solver\Debug\KociembaRubikSolver.exe" /INCREMENTAL /NOLOGO kernel32.lib user32.lib gdi32.lib winspool.lib comdlg32.lib advapi32.lib shell32.lib ole32.lib oleaut32.lib uuid.lib odbc32.lib odbccp32.lib /MANIFEST /ManifestFile:"Debug\KociembaRubikSolver.exe.intermediate.manifest" /MANIFESTUAC:"level='asInvoker' uiAccess='false'" /DEBUG /PDB:"C:\Users\gabriela\Dropbox\Projetos\Robô Rubik\ANTIGO\Algorítmo de Solução (ANTIGO)\Kociemba Rubik Solver\Debug\KociembaRubikSolver.pdb" /SUBSYSTEM:CONSOLE /TLBID:1 /DYNAMICBASE /NXCOMPAT /IMPLIB:"C:\Users\gabriela\Dropbox\Projetos\Robô Rubik\ANTIGO\Algorítmo de Solução (ANTIGO)\Kociemba Rubik Solver\Debug\KociembaRubikSolver.lib" /MACHINE:X86 Debug\KociembaRubikSolver.exe.embed.manifest.res
         Debug\COMBINAT.obj
         Debug\CUBE.obj
         Debug\CUBEPARS.obj
         Debug\FACECUBE.obj
         Debug\KCUBE.obj
         Debug\KOCICUBE.obj
         Debug\MOVETABL.obj
         Debug\PRUNINGT.obj
         Debug\SOLVER.obj
         Debug\stdafx.obj
         Debug\VECTOR.obj
       Manifest:
         C:\Program Files (x86)\Microsoft SDKs\Windows\v7.0A\bin\mt.exe /nologo /verbose /out:"Debug\KociembaRubikSolver.exe.embed.manifest" /manifest Debug\KociembaRubikSolver.exe.intermediate.manifest
         All outputs are up-to-date.
       LinkEmbedManifest:
         All outputs are up-to-date.
         KociembaRubikSolver.vcxproj -> C:\Users\gabriela\Dropbox\Projetos\Robô Rubik\ANTIGO\Algorítmo de Solução (ANTIGO)\Kociemba Rubik Solver\Debug\KociembaRubikSolver.exe
       PostBuildEvent:
         U:WWRYOOGBY D:BWROROYYR F:WGORWBOGG B:WRORBBWOR L:YWOYYGBBG R:BGGRGYBWY
         :VCEnd
         O sistema não pode encontrar a unidade especificada.
       FinalizeBuildStatus:
         Deleting file "Debug\KociembaRubikSolver.unsuccessfulbuild".
         Touching "Debug\KociembaRubikSolver.lastbuildstate".
     1>Done Building Project "C:\Users\gabriela\Dropbox\Projetos\Robô Rubik\ANTIGO\Algorítmo de Solução (ANTIGO)\Kociemba Rubik Solver\KociembaRubikSolver\KociembaRubikSolver.vcxproj" (build target(s)).

Build succeeded.

Time Elapsed 00:00:02.57
