D:\FONTES\C\KOCIEMBARUBIKSOLVER\DEBUG\KOCIEMBARUBIKSOLVER.DLL
D:\Fontes\C\KociembaRubikSolver\Debug\KociembaRubikSolver.exp
D:\FONTES\C\KOCIEMBARUBIKSOLVER\DEBUG\KOCIEMBARUBIKSOLVER.ILK
D:\Fontes\C\KociembaRubikSolver\Debug\KociembaRubikSolver.lib
D:\FONTES\C\KOCIEMBARUBIKSOLVER\DEBUG\KOCIEMBARUBIKSOLVER.PDB
D:\Fontes\C\KociembaRubikSolver\KociembaRubikSolver\Debug\cl.command.1.tlog
D:\Fontes\C\KociembaRubikSolver\KociembaRubikSolver\Debug\CL.read.1.tlog
D:\Fontes\C\KociembaRubikSolver\KociembaRubikSolver\Debug\CL.write.1.tlog
D:\FONTES\C\KOCIEMBARUBIKSOLVER\KOCIEMBARUBIKSOLVER\DEBUG\COMBINAT.OBJ
D:\FONTES\C\KOCIEMBARUBIKSOLVER\KOCIEMBARUBIKSOLVER\DEBUG\CUBE.OBJ
D:\FONTES\C\KOCIEMBARUBIKSOLVER\KOCIEMBARUBIKSOLVER\DEBUG\CUBEPARS.OBJ
D:\FONTES\C\KOCIEMBARUBIKSOLVER\KOCIEMBARUBIKSOLVER\DEBUG\FACECUBE.OBJ
D:\FONTES\C\KOCIEMBARUBIKSOLVER\KOCIEMBARUBIKSOLVER\DEBUG\KCUBE.OBJ
D:\FONTES\C\KOCIEMBARUBIKSOLVER\KOCIEMBARUBIKSOLVER\DEBUG\KOCICUBE.OBJ
D:\FONTES\C\KOCIEMBARUBIKSOLVER\KOCIEMBARUBIKSOLVER\DEBUG\KOCIEMBARUBIKSOLVER.DLL.EMBED.MANIFEST
D:\FONTES\C\KOCIEMBARUBIKSOLVER\KOCIEMBARUBIKSOLVER\DEBUG\KOCIEMBARUBIKSOLVER.DLL.EMBED.MANIFEST.RES
D:\FONTES\C\KOCIEMBARUBIKSOLVER\KOCIEMBARUBIKSOLVER\DEBUG\KOCIEMBARUBIKSOLVER.DLL.INTERMEDIATE.MANIFEST
D:\FONTES\C\KOCIEMBARUBIKSOLVER\KOCIEMBARUBIKSOLVER\DEBUG\KOCIEMBARUBIKSOLVER.EXE.EMBED.MANIFEST
D:\Fontes\C\KociembaRubikSolver\KociembaRubikSolver\Debug\KociembaRubikSolver.exe.embed.manifest.res
D:\Fontes\C\KociembaRubikSolver\KociembaRubikSolver\Debug\KociembaRubikSolver.exe.intermediate.manifest
D:\FONTES\C\KOCIEMBARUBIKSOLVER\KOCIEMBARUBIKSOLVER\DEBUG\KOCIEMBARUBIKSOLVER.PCH
D:\Fontes\C\KociembaRubikSolver\KociembaRubikSolver\Debug\KociembaRubikSolver.write.1.tlog
D:\Fontes\C\KociembaRubikSolver\KociembaRubikSolver\Debug\KociembaRubikSolver_manifest.rc
D:\Fontes\C\KociembaRubikSolver\KociembaRubikSolver\Debug\link.1336.read.1.tlog
D:\Fontes\C\KociembaRubikSolver\KociembaRubikSolver\Debug\link.1336.write.1.tlog
D:\Fontes\C\KociembaRubikSolver\KociembaRubikSolver\Debug\link.1336-cvtres.read.1.tlog
D:\Fontes\C\KociembaRubikSolver\KociembaRubikSolver\Debug\link.1336-cvtres.write.1.tlog
D:\Fontes\C\KociembaRubikSolver\KociembaRubikSolver\Debug\link.1800.read.1.tlog
D:\Fontes\C\KociembaRubikSolver\KociembaRubikSolver\Debug\link.1800.write.1.tlog
D:\Fontes\C\KociembaRubikSolver\KociembaRubikSolver\Debug\link.1800-cvtres.read.1.tlog
D:\Fontes\C\KociembaRubikSolver\KociembaRubikSolver\Debug\link.1800-cvtres.write.1.tlog
D:\Fontes\C\KociembaRubikSolver\KociembaRubikSolver\Debug\link.5424.read.1.tlog
D:\Fontes\C\KociembaRubikSolver\KociembaRubikSolver\Debug\link.5424.write.1.tlog
D:\Fontes\C\KociembaRubikSolver\KociembaRubikSolver\Debug\link.5424-cvtres.read.1.tlog
D:\Fontes\C\KociembaRubikSolver\KociembaRubikSolver\Debug\link.5424-cvtres.write.1.tlog
D:\Fontes\C\KociembaRubikSolver\KociembaRubikSolver\Debug\link.5552.read.1.tlog
D:\Fontes\C\KociembaRubikSolver\KociembaRubikSolver\Debug\link.5552.write.1.tlog
D:\Fontes\C\KociembaRubikSolver\KociembaRubikSolver\Debug\link.5552-cvtres.read.1.tlog
D:\Fontes\C\KociembaRubikSolver\KociembaRubikSolver\Debug\link.5552-cvtres.write.1.tlog
D:\Fontes\C\KociembaRubikSolver\KociembaRubikSolver\Debug\link.command.1.tlog
D:\Fontes\C\KociembaRubikSolver\KociembaRubikSolver\Debug\link.read.1.tlog
D:\Fontes\C\KociembaRubikSolver\KociembaRubikSolver\Debug\link.write.1.tlog
D:\Fontes\C\KociembaRubikSolver\KociembaRubikSolver\Debug\link-cvtres.read.1.tlog
D:\Fontes\C\KociembaRubikSolver\KociembaRubikSolver\Debug\link-cvtres.write.1.tlog
D:\FONTES\C\KOCIEMBARUBIKSOLVER\KOCIEMBARUBIKSOLVER\DEBUG\MOVETABL.OBJ
D:\Fontes\C\KociembaRubikSolver\KociembaRubikSolver\Debug\mt.command.1.tlog
D:\Fontes\C\KociembaRubikSolver\KociembaRubikSolver\Debug\mt.read.1.tlog
D:\Fontes\C\KociembaRubikSolver\KociembaRubikSolver\Debug\mt.write.1.tlog
D:\FONTES\C\KOCIEMBARUBIKSOLVER\KOCIEMBARUBIKSOLVER\DEBUG\PRUNINGT.OBJ
D:\Fontes\C\KociembaRubikSolver\KociembaRubikSolver\Debug\rc.command.1.tlog
D:\Fontes\C\KociembaRubikSolver\KociembaRubikSolver\Debug\rc.read.1.tlog
D:\Fontes\C\KociembaRubikSolver\KociembaRubikSolver\Debug\rc.write.1.tlog
D:\FONTES\C\KOCIEMBARUBIKSOLVER\KOCIEMBARUBIKSOLVER\DEBUG\SOLVER.OBJ
D:\FONTES\C\KOCIEMBARUBIKSOLVER\KOCIEMBARUBIKSOLVER\DEBUG\STDAFX.OBJ
D:\Fontes\C\KociembaRubikSolver\KociembaRubikSolver\Debug\vc100.idb
D:\FONTES\C\KOCIEMBARUBIKSOLVER\KOCIEMBARUBIKSOLVER\DEBUG\VC100.PDB
D:\FONTES\C\KOCIEMBARUBIKSOLVER\KOCIEMBARUBIKSOLVER\DEBUG\VECTOR.OBJ
